C51 COMPILER V9.01   Õ_≤ø_–∂œ0                                                             07/17/2019 06:58:32 PAGE 1   


C51 COMPILER V9.01, COMPILATION OF MODULE Õ_≤ø_–∂œ0
OBJECT MODULE PLACED IN Õ‚≤ø÷–∂œ0.OBJ
COMPILER INVOKED BY: D:\C51\BIN\C51.EXE Õ‚≤ø÷–∂œ0.c BROWSE DEBUG OBJECTEXTEND

line level    source

   1          #include"reg51.h"
   2          sbit k3=P3^2;
   3          sbit led=P2^7;
   4          typedef unsigned int u16;
   5          void delay(u16 i)
   6          {
   7   1         while(i--);
   8   1      }
   9          void int0resp()
  10          {
  11   1         EA=1;
  12   1         EX0=1;
  13   1         IT0=1;
  14   1      }
  15          void main()
  16          {
  17   1         int0resp();
  18   1         while(1);
  19   1      }
  20             void int0 () interrupt 0
  21            {  
  22   1         delay(1000);
  23   1         if(k3==0)
  24   1         {
  25   2            led=~led;
  26   2         }
  27   1         }


MODULE INFORMATION:   STATIC OVERLAYABLE
   CODE SIZE        =     59    ----
   CONSTANT SIZE    =   ----    ----
   XDATA SIZE       =   ----    ----
   PDATA SIZE       =   ----    ----
   DATA SIZE        =   ----    ----
   IDATA SIZE       =   ----    ----
   BIT SIZE         =   ----    ----
END OF MODULE INFORMATION.


C51 COMPILATION COMPLETE.  0 WARNING(S),  0 ERROR(S)
